<?xml version="1.0" encoding="UTF-8"?>
<!-- Generated by org.testng.reporters.JUnitReportReporter -->
<testsuite hostname="HW0696" name="com.alliancetech.emt.ImportAssociationsDataTest" tests="1" failures="0" timestamp="24 Mar 2015 11:12:56 GMT" time="64.808" errors="0">
  <testcase name="importAssociationsCSVFileAndVerifyData" time="64.808" classname="com.alliancetech.emt.ImportAssociationsDataTest"/>
</testsuite> <!-- com.alliancetech.emt.ImportAssociationsDataTest -->
