<?xml version="1.0" encoding="UTF-8"?>
<!-- Generated by org.testng.reporters.JUnitReportReporter -->
<testsuite hostname="Alliances-MacBook-Pro.local" name="com.alliancetech.emt.ScreenLayoutForRegistrants" tests="1" failures="0" timestamp="20 Apr 2018 09:45:13 GMT" time="185.083" errors="0">
  <testcase name="screenLayoutForRegistrants" time="185.083" classname="com.alliancetech.emt.ScreenLayoutForRegistrants"/>
</testsuite> <!-- com.alliancetech.emt.ScreenLayoutForRegistrants -->
