<?xml version="1.0" encoding="UTF-8"?>
<!-- Generated by org.testng.reporters.JUnitReportReporter -->
<testsuite hostname="HW0696" name="com.alliancetech.emt.DeleteAssociationTest" tests="1" failures="0" timestamp="24 Mar 2015 11:12:56 GMT" time="32.576" errors="0">
  <testcase name="EMT_DeleteAssociations" time="32.576" classname="com.alliancetech.emt.DeleteAssociationTest"/>
</testsuite> <!-- com.alliancetech.emt.DeleteAssociationTest -->
