<?xml version="1.0" encoding="UTF-8"?>
<!-- Generated by org.testng.reporters.JUnitReportReporter -->
<testsuite hostname="HW0696" name="com.alliancetech.iLeads.ImportExhibitorsCSVFile" tests="1" failures="0" timestamp="31 Mar 2015 06:52:10 GMT" time="744.902" errors="0">
  <testcase name="uploadExhibitorsCSVFile" time="744.902" classname="com.alliancetech.iLeads.ImportExhibitorsCSVFile"/>
</testsuite> <!-- com.alliancetech.iLeads.ImportExhibitorsCSVFile -->
