<?xml version="1.0" encoding="UTF-8"?>
<!-- Generated by org.testng.reporters.JUnitReportReporter -->
<testsuite hostname="HW0696" name="com.alliancetech.emt.EditAssociationImportData" tests="1" failures="0" timestamp="24 Mar 2015 11:12:56 GMT" time="81.739" errors="0">
  <testcase name="editAssociationImportData" time="81.739" classname="com.alliancetech.emt.EditAssociationImportData"/>
</testsuite> <!-- com.alliancetech.emt.EditAssociationImportData -->
