<?xml version="1.0" encoding="UTF-8"?>
<!-- Generated by org.testng.reporters.JUnitReportReporter -->
<testsuite hostname="HW0696" name="com.alliancetech.signup.validateSignUpXMLChanges" tests="1" failures="0" timestamp="24 Mar 2015 11:12:56 GMT" time="92.447" errors="0">
  <testcase name="validate_SignUpXMLChanges" time="92.447" classname="com.alliancetech.signup.validateSignUpXMLChanges"/>
</testsuite> <!-- com.alliancetech.signup.validateSignUpXMLChanges -->
