<?xml version="1.0" encoding="UTF-8"?>
<!-- Generated by org.testng.reporters.JUnitReportReporter -->
<testsuite hostname="Alliances-MacBook-Pro.local" name="com.alliancetech.emt.AddRegToSessions" tests="1" failures="0" timestamp="13 Nov 2017 07:49:07 GMT" time="174.671" errors="0">
  <testcase name="EMT_AddRegToSessions" time="174.671" classname="com.alliancetech.emt.AddRegToSessions"/>
</testsuite> <!-- com.alliancetech.emt.AddRegToSessions -->
