<?xml version="1.0" encoding="UTF-8"?>
<!-- Generated by org.testng.reporters.JUnitReportReporter -->
<testsuite hostname="HW0696" name="com.alliancetech.emt.EditRegistrantImportData" tests="1" failures="0" timestamp="24 Mar 2015 11:12:56 GMT" time="193.865" errors="0">
  <testcase name="editImportDataOfRegistrants" time="193.865" classname="com.alliancetech.emt.EditRegistrantImportData"/>
</testsuite> <!-- com.alliancetech.emt.EditRegistrantImportData -->
