<?xml version="1.0" encoding="UTF-8"?>
<!-- Generated by org.testng.reporters.JUnitReportReporter -->
<testsuite hostname="HW0696" name="com.alliancetech.survey.editSurveyWhileTakingSurvey" tests="2" failures="0" timestamp="24 Mar 2015 11:12:56 GMT" time="373.237" errors="0">
  <testcase name="editSurvey_WhileTakingSurvey" time="197.741" classname="com.alliancetech.survey.editSurveyWhileTakingSurvey"/>
  <testcase name="editSurvey_WhileTakingSurvey" time="175.496" classname="com.alliancetech.survey.editSurveyWhileTakingSurvey"/>
</testsuite> <!-- com.alliancetech.survey.editSurveyWhileTakingSurvey -->
