<?xml version="1.0" encoding="UTF-8"?>
<!-- Generated by org.testng.reporters.JUnitReportReporter -->
<testsuite hostname="Alliances-MacBook-Pro.local" name="com.alliancetech.emt.DeleteRegistrantTest" tests="1" failures="0" timestamp="25 Jan 2018 11:31:04 GMT" time="75.210" errors="0">
  <testcase name="EMT_DeleteRegistrants" time="75.210" classname="com.alliancetech.emt.DeleteRegistrantTest"/>
</testsuite> <!-- com.alliancetech.emt.DeleteRegistrantTest -->
