<?xml version="1.0" encoding="UTF-8"?>
<!-- Generated by org.testng.reporters.JUnitReportReporter -->
<testsuite hostname="Alliances-MacBook-Pro.local" name="com.alliancetech.emt.AddEmailCampaignsTest" tests="2" failures="0" timestamp="9 Nov 2017 05:48:59 GMT" time="555.702" errors="0">
  <testcase name="EMT_AddEmailCampaigns" time="305.563" classname="com.alliancetech.emt.AddEmailCampaignsTest"/>
  <testcase name="EMT_AddEmailCampaigns" time="250.139" classname="com.alliancetech.emt.AddEmailCampaignsTest"/>
</testsuite> <!-- com.alliancetech.emt.AddEmailCampaignsTest -->
