<?xml version="1.0" encoding="UTF-8"?>
<!-- Generated by org.testng.reporters.JUnitReportReporter -->
<testsuite hostname="HW0696" name="com.alliancetech.emt.DeleteRoomTest" tests="1" failures="0" timestamp="24 Mar 2015 11:12:56 GMT" time="76.723" errors="0">
  <testcase name="EMT_DeleteRooms" time="76.723" classname="com.alliancetech.emt.DeleteRoomTest"/>
</testsuite> <!-- com.alliancetech.emt.DeleteRoomTest -->
