<?xml version="1.0" encoding="UTF-8"?>
<!-- Generated by org.testng.reporters.JUnitReportReporter -->
<testsuite hostname="Alliances-MacBook-Pro.local" name="com.alliancetech.emt.AddRoomsTest" tests="2" failures="0" timestamp="7 Mar 2018 06:03:48 GMT" time="79.920" errors="0">
  <testcase name="EMT_AddRooms" time="22.031" classname="com.alliancetech.emt.AddRoomsTest"/>
  <testcase name="EMT_AddRooms" time="57.889" classname="com.alliancetech.emt.AddRoomsTest"/>
</testsuite> <!-- com.alliancetech.emt.AddRoomsTest -->
