<?xml version="1.0" encoding="UTF-8"?>
<!-- Generated by org.testng.reporters.JUnitReportReporter -->
<testsuite hostname="Alliances-MacBook-Pro.local" name="com.alliancetech.emt.DeleteSurvey" tests="3" failures="0" timestamp="25 Jan 2018 11:33:07 GMT" time="98.897" errors="0">
  <testcase name="deleteSurvey" time="14.723" classname="com.alliancetech.emt.DeleteSurvey"/>
  <testcase name="deleteSurvey" time="5.269" classname="com.alliancetech.emt.DeleteSurvey"/>
  <testcase name="deleteSurvey" time="78.905" classname="com.alliancetech.emt.DeleteSurvey"/>
</testsuite> <!-- com.alliancetech.emt.DeleteSurvey -->
