<?xml version="1.0" encoding="UTF-8"?>
<!-- Generated by org.testng.reporters.JUnitReportReporter -->
<testsuite hostname="HW0696" name="com.alliancetech.iLeads.CreateUserAndChangePassword" tests="1" failures="0" timestamp="31 Mar 2015 06:52:10 GMT" time="864.743" errors="0">
  <testcase name="CreateUserAndChangePassword" time="864.743" classname="com.alliancetech.iLeads.CreateUserAndChangePassword"/>
</testsuite> <!-- com.alliancetech.iLeads.CreateUserAndChangePassword -->
