<?xml version="1.0" encoding="UTF-8"?>
<!-- Generated by org.testng.reporters.JUnitReportReporter -->
<testsuite hostname="Alliances-MacBook-Pro.local" name="com.alliancetech.emt.deleteTheUser" tests="1" failures="0" timestamp="9 Nov 2017 07:37:45 GMT" time="54.442" errors="0">
  <testcase name="deleteUserFromEMT" time="54.442" classname="com.alliancetech.emt.deleteTheUser"/>
</testsuite> <!-- com.alliancetech.emt.deleteTheUser -->
