<?xml version="1.0" encoding="UTF-8"?>
<!-- Generated by org.testng.reporters.JUnitReportReporter -->
<testsuite hostname="Alliances-MacBook-Pro.local" name="com.alliancetech.emt.AddAssociationsTest" tests="1" failures="0" timestamp="9 Nov 2017 06:29:52 GMT" time="120.177" errors="0">
  <testcase name="EMT_AddAssociations" time="120.177" classname="com.alliancetech.emt.AddAssociationsTest"/>
</testsuite> <!-- com.alliancetech.emt.AddAssociationsTest -->
