<?xml version="1.0" encoding="UTF-8"?>
<!-- Generated by org.testng.reporters.JUnitReportReporter -->
<testsuite hostname="HW0696" name="com.alliancetech.emt.EditSessionImportData" tests="1" failures="0" timestamp="24 Mar 2015 11:12:56 GMT" time="143.577" errors="0">
  <testcase name="editSessionImportData" time="143.577" classname="com.alliancetech.emt.EditSessionImportData"/>
</testsuite> <!-- com.alliancetech.emt.EditSessionImportData -->
