<?xml version="1.0" encoding="UTF-8"?>
<!-- Generated by org.testng.reporters.JUnitReportReporter -->
<testsuite hostname="HW0696" name="com.alliancetech.emt.ImportRoomsDataTest" tests="1" failures="0" timestamp="24 Mar 2015 11:12:56 GMT" time="83.126" errors="0">
  <testcase name="importRoomsCSVFileAndVerifyData" time="83.126" classname="com.alliancetech.emt.ImportRoomsDataTest"/>
</testsuite> <!-- com.alliancetech.emt.ImportRoomsDataTest -->
