<?xml version="1.0" encoding="UTF-8"?>
<!-- Generated by org.testng.reporters.JUnitReportReporter -->
<testsuite hostname="HW0696" name="com.alliancetech.signup.SetScreenLayoutAndValidateErrorMessagesForSignUp" tests="1" failures="0" timestamp="24 Mar 2015 11:12:56 GMT" time="190.618" errors="0">
  <testcase name="setAdminCheckinScreenLayoutAndValidateErrorMessagesForSignUp" time="190.618" classname="com.alliancetech.signup.SetScreenLayoutAndValidateErrorMessagesForSignUp"/>
</testsuite> <!-- com.alliancetech.signup.SetScreenLayoutAndValidateErrorMessagesForSignUp -->
