<?xml version="1.0" encoding="UTF-8"?>
<!-- Generated by org.testng.reporters.JUnitReportReporter -->
<testsuite hostname="HW0696" name="com.alliancetech.emt.ScreenLayoutForSessions" tests="1" failures="0" timestamp="24 Mar 2015 11:12:56 GMT" time="63.753" errors="0">
  <testcase name="screenLayoutForSessions" time="63.753" classname="com.alliancetech.emt.ScreenLayoutForSessions"/>
</testsuite> <!-- com.alliancetech.emt.ScreenLayoutForSessions -->
