<?xml version="1.0" encoding="UTF-8"?>
<!-- Generated by org.testng.reporters.JUnitReportReporter -->
<testsuite hostname="HW0696" name="com.alliancetech.emt.ImportExhibitorDataTest" tests="1" failures="0" timestamp="24 Mar 2015 11:12:56 GMT" time="127.428" errors="0">
  <testcase name="importExhibitorsCSVFileAndVerifyData" time="127.428" classname="com.alliancetech.emt.ImportExhibitorDataTest"/>
</testsuite> <!-- com.alliancetech.emt.ImportExhibitorDataTest -->
