<?xml version="1.0" encoding="UTF-8"?>
<!-- Generated by org.testng.reporters.JUnitReportReporter -->
<testsuite hostname="HW0696" name="com.alliancetech.emt.ScreenLayoutForHighlights" tests="1" failures="0" timestamp="24 Mar 2015 11:12:56 GMT" time="26.719" errors="0">
  <testcase name="screenLayoutForHighlights" time="26.719" classname="com.alliancetech.emt.ScreenLayoutForHighlights"/>
</testsuite> <!-- com.alliancetech.emt.ScreenLayoutForHighlights -->
