<?xml version="1.0" encoding="UTF-8"?>
<!-- Generated by org.testng.reporters.JUnitReportReporter -->
<testsuite hostname="Alliances-MacBook-Pro.local" name="com.alliancetech.emt.RESTAddRegistrant" tests="1" failures="0" timestamp="9 Nov 2017 10:02:49 GMT" time="3.816" errors="0">
  <testcase name="addRegistrantsUsingREST" time="3.816" classname="com.alliancetech.emt.RESTAddRegistrant"/>
</testsuite> <!-- com.alliancetech.emt.RESTAddRegistrant -->
