<?xml version="1.0" encoding="UTF-8"?>
<!-- Generated by org.testng.reporters.JUnitReportReporter -->
<testsuite hostname="Alliances-MacBook-Pro.local" name="com.cigniti.test.Login_Test" tests="1" failures="0" timestamp="20 Nov 2015 06:05:00 GMT" time="0.708" errors="0">
  <testcase name="Login_Test1" time="0.708" classname="com.cigniti.test.Login_Test"/>
</testsuite> <!-- com.cigniti.test.Login_Test -->
