<?xml version="1.0" encoding="UTF-8"?>
<!-- Generated by org.testng.reporters.JUnitReportReporter -->
<testsuite hostname="Alliances-MacBook-Pro.local" name="com.alliancetech.survey.CompleteSurvey" tests="2" failures="0" timestamp="7 Mar 2018 07:05:03 GMT" time="147.904" errors="0">
  <testcase name="TakeSurvey" time="90.025" classname="com.alliancetech.survey.CompleteSurvey"/>
  <testcase name="TakeSurvey" time="57.879" classname="com.alliancetech.survey.CompleteSurvey"/>
</testsuite> <!-- com.alliancetech.survey.CompleteSurvey -->
