<?xml version="1.0" encoding="UTF-8"?>
<!-- Generated by org.testng.reporters.JUnitReportReporter -->
<testsuite hostname="HW0807" name="com.cigniti.test.NewTest12" tests="3" failures="0" timestamp="6 Aug 2015 12:53:10 GMT" time="27.114" errors="0">
  <testcase name="addAttendee" time="14.540" classname="com.cigniti.test.NewTest12"/>
  <testcase name="addAttendee" time="6.504" classname="com.cigniti.test.NewTest12"/>
  <testcase name="addAttendee" time="6.070" classname="com.cigniti.test.NewTest12"/>
</testsuite> <!-- com.cigniti.test.NewTest12 -->
