<?xml version="1.0" encoding="UTF-8"?>
<!-- Generated by org.testng.reporters.JUnitReportReporter -->
<testsuite hostname="HW0696" name="com.alliancetech.emt.ScreenLayoutForSpeakers" tests="1" failures="0" timestamp="24 Mar 2015 11:12:56 GMT" time="41.335" errors="0">
  <testcase name="screenLayoutForSpeakers" time="41.335" classname="com.alliancetech.emt.ScreenLayoutForSpeakers"/>
</testsuite> <!-- com.alliancetech.emt.ScreenLayoutForSpeakers -->
