<?xml version="1.0" encoding="UTF-8"?>
<!-- Generated by org.testng.reporters.JUnitReportReporter -->
<testsuite hostname="HW0696" name="com.alliancetech.emt.ImportSessionsDataTest" tests="1" failures="0" timestamp="24 Mar 2015 11:12:56 GMT" time="119.584" errors="0">
  <testcase name="importSessionsCSVFileAndVerifyData" time="119.584" classname="com.alliancetech.emt.ImportSessionsDataTest"/>
</testsuite> <!-- com.alliancetech.emt.ImportSessionsDataTest -->
