<?xml version="1.0" encoding="UTF-8"?>
<!-- Generated by org.testng.reporters.JUnitReportReporter -->
<testsuite hostname="HW0696" name="com.alliancetech.emt.DeleteSpeakerTest" tests="1" failures="0" timestamp="24 Mar 2015 11:12:56 GMT" time="83.506" errors="0">
  <testcase name="EMT_DeleteSpeakers" time="83.506" classname="com.alliancetech.emt.DeleteSpeakerTest"/>
</testsuite> <!-- com.alliancetech.emt.DeleteSpeakerTest -->
