<?xml version="1.0" encoding="UTF-8"?>
<!-- Generated by org.testng.reporters.JUnitReportReporter -->
<testsuite hostname="HW0696" name="com.alliancetech.emt.lockTheUserAccount" tests="7" failures="0" timestamp="24 Mar 2015 11:12:56 GMT" time="34.741" errors="0">
  <testcase name="lockTheAccount" time="2.658" classname="com.alliancetech.emt.lockTheUserAccount"/>
  <testcase name="lockTheAccount" time="2.645" classname="com.alliancetech.emt.lockTheUserAccount"/>
  <testcase name="lockTheAccount" time="2.703" classname="com.alliancetech.emt.lockTheUserAccount"/>
  <testcase name="lockTheAccount" time="3.008" classname="com.alliancetech.emt.lockTheUserAccount"/>
  <testcase name="lockTheAccount" time="2.652" classname="com.alliancetech.emt.lockTheUserAccount"/>
  <testcase name="verifyUserLockedAccount" time="17.924" classname="com.alliancetech.emt.lockTheUserAccount"/>
  <testcase name="lockTheAccount" time="3.151" classname="com.alliancetech.emt.lockTheUserAccount"/>
</testsuite> <!-- com.alliancetech.emt.lockTheUserAccount -->
