<?xml version="1.0" encoding="UTF-8"?>
<!-- Generated by org.testng.reporters.JUnitReportReporter -->
<testsuite hostname="HW0696" name="com.alliancetech.emt.testAttendeeJourney" tests="7" failures="0" timestamp="31 Mar 2015 05:08:53 GMT" time="582.168" errors="0">
  <testcase name="verifyLeadCaptures" time="97.112" classname="com.alliancetech.emt.testAttendeeJourney"/>
  <testcase name="verifyAttendeeJourney" time="216.940" classname="com.alliancetech.emt.testAttendeeJourney"/>
  <testcase name="writeToCSVFileAndUpload" time="48.749" classname="com.alliancetech.emt.testAttendeeJourney"/>
  <testcase name="enableLeadCapturesViewBy" time="22.969" classname="com.alliancetech.emt.testAttendeeJourney"/>
  <testcase name="EMT_AddExhibitors" time="56.582" classname="com.alliancetech.emt.testAttendeeJourney"/>
  <testcase name="createRegistrant" time="103.949" classname="com.alliancetech.emt.testAttendeeJourney"/>
  <testcase name="EMT_AddSessions" time="35.867" classname="com.alliancetech.emt.testAttendeeJourney"/>
</testsuite> <!-- com.alliancetech.emt.testAttendeeJourney -->
