<?xml version="1.0" encoding="UTF-8"?>
<!-- Generated by org.testng.reporters.JUnitReportReporter -->
<testsuite hostname="Alliances-MacBook-Pro.local" name="com.alliancetech.emt.AddUserInManageUsersTest" tests="10" failures="0" timestamp="20 Apr 2018 08:16:58 GMT" time="54.026" errors="0">
  <testcase name="VerifyPassword" time="1.447" classname="com.alliancetech.emt.AddUserInManageUsersTest"/>
  <testcase name="VerifyPassword" time="1.662" classname="com.alliancetech.emt.AddUserInManageUsersTest"/>
  <testcase name="EMT_AddUser" time="38.547" classname="com.alliancetech.emt.AddUserInManageUsersTest"/>
  <testcase name="VerifyPassword" time="1.846" classname="com.alliancetech.emt.AddUserInManageUsersTest"/>
  <testcase name="VerifyPassword" time="1.404" classname="com.alliancetech.emt.AddUserInManageUsersTest"/>
  <testcase name="VerifyPassword" time="1.911" classname="com.alliancetech.emt.AddUserInManageUsersTest"/>
  <testcase name="VerifyPassword" time="2.269" classname="com.alliancetech.emt.AddUserInManageUsersTest"/>
  <testcase name="VerifyPassword" time="2.044" classname="com.alliancetech.emt.AddUserInManageUsersTest"/>
  <testcase name="VerifyPassword" time="1.418" classname="com.alliancetech.emt.AddUserInManageUsersTest"/>
  <testcase name="VerifyPassword" time="1.478" classname="com.alliancetech.emt.AddUserInManageUsersTest"/>
</testsuite> <!-- com.alliancetech.emt.AddUserInManageUsersTest -->
