<?xml version="1.0" encoding="UTF-8"?>
<!-- Generated by org.testng.reporters.JUnitReportReporter -->
<testsuite hostname="HW0696" name="com.alliancetech.emt.EditSurvey" tests="2" failures="0" timestamp="24 Mar 2015 11:12:56 GMT" time="117.293" errors="0">
  <testcase name="edit_Survey" time="58.199" classname="com.alliancetech.emt.EditSurvey"/>
  <testcase name="edit_Survey" time="59.094" classname="com.alliancetech.emt.EditSurvey"/>
</testsuite> <!-- com.alliancetech.emt.EditSurvey -->
