<?xml version="1.0" encoding="UTF-8"?>
<!-- Generated by org.testng.reporters.JUnitReportReporter -->
<testsuite hostname="HW0696" name="com.alliancetech.iLeads.CreateEvent_AddUser_VerifyUserinExhibitorSite_DeleteUSerFromEvent" tests="3" failures="0" timestamp="31 Mar 2015 06:52:10 GMT" time="1135.795" errors="0">
  <testcase name="CreateEvent" time="328.616" classname="com.alliancetech.iLeads.CreateEvent_AddUser_VerifyUserinExhibitorSite_DeleteUSerFromEvent"/>
  <testcase name="AddUserToTheEvent" time="340.175" classname="com.alliancetech.iLeads.CreateEvent_AddUser_VerifyUserinExhibitorSite_DeleteUSerFromEvent"/>
  <testcase name="verifyEventInExhibitorPageAndDeleteUserFromEvent" time="467.004" classname="com.alliancetech.iLeads.CreateEvent_AddUser_VerifyUserinExhibitorSite_DeleteUSerFromEvent"/>
</testsuite> <!-- com.alliancetech.iLeads.CreateEvent_AddUser_VerifyUserinExhibitorSite_DeleteUSerFromEvent -->
