<?xml version="1.0" encoding="UTF-8"?>
<!-- Generated by org.testng.reporters.JUnitReportReporter -->
<testsuite hostname="Alliances-MacBook-Pro.local" name="com.alliancetech.emt.AddSurveyTest" tests="3" failures="0" timestamp="7 Mar 2018 06:02:05 GMT" time="125.259" errors="0">
  <testcase name="AddNewSurvey" time="47.884" classname="com.alliancetech.emt.AddSurveyTest"/>
  <testcase name="AddNewSurvey" time="60.642" classname="com.alliancetech.emt.AddSurveyTest"/>
  <testcase name="AddNewSurvey" time="16.733" classname="com.alliancetech.emt.AddSurveyTest"/>
</testsuite> <!-- com.alliancetech.emt.AddSurveyTest -->
