<?xml version="1.0" encoding="UTF-8"?>
<!-- Generated by org.testng.reporters.JUnitReportReporter -->
<testsuite hostname="Alliances-MacBook-Pro.local" name="com.alliancetech.emt.ManageSessionEnrollmentTest" tests="1" failures="0" timestamp="9 Nov 2017 07:40:55 GMT" time="162.871" errors="0">
  <testcase name="EMT_ManageSessionEnrollment" time="162.871" classname="com.alliancetech.emt.ManageSessionEnrollmentTest"/>
</testsuite> <!-- com.alliancetech.emt.ManageSessionEnrollmentTest -->
