<?xml version="1.0" encoding="UTF-8"?>
<!-- Generated by org.testng.reporters.JUnitReportReporter -->
<testsuite hostname="HW0696" name="com.alliancetech.emt.DeleteSessionTest" tests="1" failures="0" timestamp="24 Mar 2015 11:12:56 GMT" time="77.027" errors="0">
  <testcase name="EMT_DeleteSessions" time="77.027" classname="com.alliancetech.emt.DeleteSessionTest"/>
</testsuite> <!-- com.alliancetech.emt.DeleteSessionTest -->
