<?xml version="1.0" encoding="UTF-8"?>
<!-- Generated by org.testng.reporters.JUnitReportReporter -->
<testsuite hostname="HW0696" name="com.alliancetech.iLeads.validateMandatoryFieldsInAddEventPage" tests="1" failures="0" timestamp="31 Mar 2015 09:51:42 GMT" time="3397.811" errors="0">
  <testcase name="validateMandatoryFields" time="3397.811" classname="com.alliancetech.iLeads.validateMandatoryFieldsInAddEventPage"/>
</testsuite> <!-- com.alliancetech.iLeads.validateMandatoryFieldsInAddEventPage -->
