<?xml version="1.0" encoding="UTF-8"?>
<!-- Generated by org.testng.reporters.JUnitReportReporter -->
<testsuite hostname="HW0696" name="com.alliancetech.survey.DidNotAttend" tests="1" failures="0" timestamp="24 Mar 2015 11:12:56 GMT" time="96.537" errors="0">
  <testcase name="Did_Not_Attend_Checkbox" time="96.537" classname="com.alliancetech.survey.DidNotAttend"/>
</testsuite> <!-- com.alliancetech.survey.DidNotAttend -->
